# JRE version: Java(TM) SE Runtime Environment (8.0_241-b07) (build 1.8.0_241-b07)
# Java VM: Java HotSpot(TM) 64-Bit Server VM (25.241-b07 mixed mode windows-amd64 compressed oops)
Heap:
 PSYoungGen      total 297984K, used 123749K [0x000000076b780000, 0x000000077ec00000, 0x00000007c0000000)
  eden space 281600K, 43% used [0x000000076b780000,0x00000007730595d0,0x000000077ca80000)
  from space 16384K, 0% used [0x000000077ca80000,0x000000077ca80000,0x000000077da80000)
  to   space 16896K, 0% used [0x000000077db80000,0x000000077db80000,0x000000077ec00000)
 ParOldGen       total 143872K, used 23719K [0x00000006c2600000, 0x00000006cb280000, 0x000000076b780000)
  object space 143872K, 16% used [0x00000006c2600000,0x00000006c3d29cd0,0x00000006cb280000)
 Metaspace       used 42714K, capacity 45740K, committed 45912K, reserved 1089536K
  class space    used 5748K, capacity 6364K, committed 6488K, reserved 1048576K
GC Heap History (10 events):
Event: 308.302 GC heap before
{Heap before GC invocations=10 (full 3):
 PSYoungGen      total 199168K, used 11722K [0x000000076b780000, 0x000000077ea00000, 0x00000007c0000000)
  eden space 183296K, 0% used [0x000000076b780000,0x000000076b780000,0x0000000776a80000)
  from space 15872K, 73% used [0x0000000776a80000,0x00000007775f2ad0,0x0000000777a00000)
  to   space 15872K, 0% used [0x000000077da80000,0x000000077da80000,0x000000077ea00000)
 ParOldGen       total 143872K, used 19265K [0x00000006c2600000, 0x00000006cb280000, 0x000000076b780000)
  object space 143872K, 13% used [0x00000006c2600000,0x00000006c38d0660,0x00000006cb280000)
 Metaspace       used 41986K, capacity 44622K, committed 44888K, reserved 1087488K
  class space    used 5676K, capacity 6183K, committed 6232K, reserved 1048576K
Event: 308.406 GC heap after
Heap after GC invocations=10 (full 3):
 PSYoungGen      total 199168K, used 0K [0x000000076b780000, 0x000000077ea00000, 0x00000007c0000000)
  eden space 183296K, 0% used [0x000000076b780000,0x000000076b780000,0x0000000776a80000)
  from space 15872K, 0% used [0x0000000776a80000,0x0000000776a80000,0x0000000777a00000)
  to   space 15872K, 0% used [0x000000077da80000,0x000000077da80000,0x000000077ea00000)
 ParOldGen       total 143872K, used 25473K [0x00000006c2600000, 0x00000006cb280000, 0x000000076b780000)
  object space 143872K, 17% used [0x00000006c2600000,0x00000006c3ee06b8,0x00000006cb280000)
 Metaspace       used 41986K, capacity 44622K, committed 44888K, reserved 1087488K
  class space    used 5676K, capacity 6183K, committed 6232K, reserved 1048576K
}
Event: 989.148 GC heap before
{Heap before GC invocations=11 (full 3):
 PSYoungGen      total 199168K, used 168226K [0x000000076b780000, 0x000000077ea00000, 0x00000007c0000000)
  eden space 183296K, 91% used [0x000000076b780000,0x0000000775bc8b20,0x0000000776a80000)
  from space 15872K, 0% used [0x0000000776a80000,0x0000000776a80000,0x0000000777a00000)
  to   space 15872K, 0% used [0x000000077da80000,0x000000077da80000,0x000000077ea00000)
 ParOldGen       total 143872K, used 25473K [0x00000006c2600000, 0x00000006cb280000, 0x000000076b780000)
  object space 143872K, 17% used [0x00000006c2600000,0x00000006c3ee06b8,0x00000006cb280000)
 Metaspace       used 42309K, capacity 45098K, committed 45272K, reserved 1087488K
  class space    used 5710K, capacity 6250K, committed 6360K, reserved 1048576K
Event: 989.153 GC heap after
Heap after GC invocations=11 (full 3):
 PSYoungGen      total 297472K, used 4010K [0x000000076b780000, 0x000000077eb00000, 0x00000007c0000000)
  eden space 281600K, 0% used [0x000000076b780000,0x000000076b780000,0x000000077ca80000)
  from space 15872K, 25% used [0x000000077da80000,0x000000077de6a8a0,0x000000077ea00000)
  to   space 16384K, 0% used [0x000000077ca80000,0x000000077ca80000,0x000000077da80000)
 ParOldGen       total 143872K, used 25481K [0x00000006c2600000, 0x00000006cb280000, 0x000000076b780000)
  object space 143872K, 17% used [0x00000006c2600000,0x00000006c3ee26b8,0x00000006cb280000)
 Metaspace       used 42309K, capacity 45098K, committed 45272K, reserved 1087488K
  class space    used 5710K, capacity 6250K, committed 6360K, reserved 1048576K
}
Event: 989.153 GC heap before
{Heap before GC invocations=12 (full 4):
 PSYoungGen      total 297472K, used 4010K [0x000000076b780000, 0x000000077eb00000, 0x00000007c0000000)
  eden space 281600K, 0% used [0x000000076b780000,0x000000076b780000,0x000000077ca80000)
  from space 15872K, 25% used [0x000000077da80000,0x000000077de6a8a0,0x000000077ea00000)
  to   space 16384K, 0% used [0x000000077ca80000,0x000000077ca80000,0x000000077da80000)
 ParOldGen       total 143872K, used 25481K [0x00000006c2600000, 0x00000006cb280000, 0x000000076b780000)
  object space 143872K, 17% used [0x00000006c2600000,0x00000006c3ee26b8,0x00000006cb280000)
 Metaspace       used 42309K, capacity 45098K, committed 45272K, reserved 1087488K
  class space    used 5710K, capacity 6250K, committed 6360K, reserved 1048576K
Event: 989.318 GC heap after
Heap after GC invocations=12 (full 4):
 PSYoungGen      total 297472K, used 0K [0x000000076b780000, 0x000000077eb00000, 0x00000007c0000000)
  eden space 281600K, 0% used [0x000000076b780000,0x000000076b780000,0x000000077ca80000)
  from space 15872K, 0% used [0x000000077da80000,0x000000077da80000,0x000000077ea00000)
  to   space 16384K, 0% used [0x000000077ca80000,0x000000077ca80000,0x000000077da80000)
 ParOldGen       total 143872K, used 22078K [0x00000006c2600000, 0x00000006cb280000, 0x000000076b780000)
  object space 143872K, 15% used [0x00000006c2600000,0x00000006c3b8fae8,0x00000006cb280000)
 Metaspace       used 42309K, capacity 45098K, committed 45272K, reserved 1087488K
  class space    used 5710K, capacity 6250K, committed 6360K, reserved 1048576K
}
Event: 1019.767 GC heap before
{Heap before GC invocations=13 (full 4):
 PSYoungGen      total 297472K, used 121504K [0x000000076b780000, 0x000000077eb00000, 0x00000007c0000000)
  eden space 281600K, 43% used [0x000000076b780000,0x0000000772e28150,0x000000077ca80000)
  from space 15872K, 0% used [0x000000077da80000,0x000000077da80000,0x000000077ea00000)
  to   space 16384K, 0% used [0x000000077ca80000,0x000000077ca80000,0x000000077da80000)
 ParOldGen       total 143872K, used 22078K [0x00000006c2600000, 0x00000006cb280000, 0x000000076b780000)
  object space 143872K, 15% used [0x00000006c2600000,0x00000006c3b8fae8,0x00000006cb280000)
 Metaspace       used 42507K, capacity 45418K, committed 45528K, reserved 1089536K
  class space    used 5726K, capacity 6301K, committed 6360K, reserved 1048576K
Event: 1019.770 GC heap after
Heap after GC invocations=13 (full 4):
 PSYoungGen      total 297984K, used 3747K [0x000000076b780000, 0x000000077ec00000, 0x00000007c0000000)
  eden space 281600K, 0% used [0x000000076b780000,0x000000076b780000,0x000000077ca80000)
  from space 16384K, 22% used [0x000000077ca80000,0x000000077ce28f50,0x000000077da80000)
  to   space 16896K, 0% used [0x000000077db80000,0x000000077db80000,0x000000077ec00000)
 ParOldGen       total 143872K, used 22086K [0x00000006c2600000, 0x00000006cb280000, 0x000000076b780000)
  object space 143872K, 15% used [0x00000006c2600000,0x00000006c3b91ae8,0x00000006cb280000)
 Metaspace       used 42507K, capacity 45418K, committed 45528K, reserved 1089536K
  class space    used 5726K, capacity 6301K, committed 6360K, reserved 1048576K
}
Event: 1019.770 GC heap before
{Heap before GC invocations=14 (full 5):
 PSYoungGen      total 297984K, used 3747K [0x000000076b780000, 0x000000077ec00000, 0x00000007c0000000)
  eden space 281600K, 0% used [0x000000076b780000,0x000000076b780000,0x000000077ca80000)
  from space 16384K, 22% used [0x000000077ca80000,0x000000077ce28f50,0x000000077da80000)
  to   space 16896K, 0% used [0x000000077db80000,0x000000077db80000,0x000000077ec00000)
 ParOldGen       total 143872K, used 22086K [0x00000006c2600000, 0x00000006cb280000, 0x000000076b780000)
  object space 143872K, 15% used [0x00000006c2600000,0x00000006c3b91ae8,0x00000006cb280000)
 Metaspace       used 42507K, capacity 45418K, committed 45528K, reserved 1089536K
  class space    used 5726K, capacity 6301K, committed 6360K, reserved 1048576K
Event: 1019.917 GC heap after
Heap after GC invocations=14 (full 5):
 PSYoungGen      total 297984K, used 0K [0x000000076b780000, 0x000000077ec00000, 0x00000007c0000000)
  eden space 281600K, 0% used [0x000000076b780000,0x000000076b780000,0x000000077ca80000)
  from space 16384K, 0% used [0x000000077ca80000,0x000000077ca80000,0x000000077da80000)
  to   space 16896K, 0% used [0x000000077db80000,0x000000077db80000,0x000000077ec00000)
 ParOldGen       total 143872K, used 23719K [0x00000006c2600000, 0x00000006cb280000, 0x000000076b780000)
  object space 143872K, 16% used [0x00000006c2600000,0x00000006c3d29cd0,0x00000006cb280000)
 Metaspace       used 42507K, capacity 45418K, committed 45528K, reserved 1089536K
  class space    used 5726K, capacity 6301K, committed 6360K, reserved 1048576K
}

